Watching for file changes with StatReloader
C:\Users\Самара\Desktop\my_django\Django_1\my_django_project\my_project\myapp\views.py changed, reloading.
Watching for file changes with StatReloader
C:\Users\Самара\Desktop\my_django\Django_1\my_django_project\my_project\myapp\views.py changed, reloading.
Watching for file changes with StatReloader
C:\Users\Самара\Desktop\my_django\Django_1\my_django_project\my_project\myapp\views.py changed, reloading.
Watching for file changes with StatReloader
C:\Users\Самара\Desktop\my_django\Django_1\my_django_project\my_project\myapp\views.py changed, reloading.
Watching for file changes with StatReloader
C:\Users\Самара\Desktop\my_django\Django_1\my_django_project\my_project\myapp\views.py changed, reloading.
Watching for file changes with StatReloader
C:\Users\Самара\Desktop\my_django\Django_1\my_django_project\my_project\myapp\views.py changed, reloading.
Watching for file changes with StatReloader
C:\Users\Самара\Desktop\my_django\Django_1\my_django_project\my_project\myapp\views.py changed, reloading.
Watching for file changes with StatReloader
C:\Users\Самара\Desktop\my_django\Django_1\my_django_project\my_project\myapp\views.py changed, reloading.
Watching for file changes with StatReloader
C:\Users\Самара\Desktop\my_django\Django_1\my_django_project\my_project\myapp\views.py changed, reloading.
Watching for file changes with StatReloader
C:\Users\Самара\Desktop\my_django\Django_1\my_django_project\my_project\myapp\views.py changed, reloading.
Watching for file changes with StatReloader
C:\Users\Самара\Desktop\my_django\Django_1\my_django_project\my_project\myapp\views.py changed, reloading.
Watching for file changes with StatReloader
C:\Users\Самара\Desktop\my_django\Django_1\my_django_project\my_project\myapp\views.py changed, reloading.
Watching for file changes with StatReloader
C:\Users\Самара\Desktop\my_django\Django_1\my_django_project\my_project\myapp\views.py changed, reloading.
Watching for file changes with StatReloader
C:\Users\Самара\Desktop\my_django\Django_1\my_django_project\my_project\myapp\views.py changed, reloading.
Watching for file changes with StatReloader
C:\Users\Самара\Desktop\my_django\Django_1\my_django_project\my_project\myapp\views.py changed, reloading.
Watching for file changes with StatReloader
C:\Users\Самара\Desktop\my_django\Django_1\my_django_project\my_project\myapp\views.py changed, reloading.
Watching for file changes with StatReloader
C:\Users\Самара\Desktop\my_django\Django_1\my_django_project\my_project\myapp\views.py changed, reloading.
Watching for file changes with StatReloader
C:\Users\Самара\Desktop\my_django\Django_1\my_django_project\my_project\myapp\views.py changed, reloading.
Watching for file changes with StatReloader
C:\Users\Самара\Desktop\my_django\Django_1\my_django_project\my_project\myapp\views.py changed, reloading.
Watching for file changes with StatReloader
C:\Users\Самара\Desktop\my_django\Django_1\my_django_project\my_project\myapp\views.py changed, reloading.
Watching for file changes with StatReloader
C:\Users\Самара\Desktop\my_django\Django_1\my_django_project\my_project\myapp\views.py changed, reloading.
Watching for file changes with StatReloader
C:\Users\Самара\Desktop\my_django\Django_1\my_django_project\my_project\myapp\views.py changed, reloading.
Watching for file changes with StatReloader
C:\Users\Самара\Desktop\my_django\Django_1\my_django_project\my_project\myapp\views.py changed, reloading.
Watching for file changes with StatReloader
C:\Users\Самара\Desktop\my_django\Django_1\my_django_project\my_project\myapp\views.py changed, reloading.
Watching for file changes with StatReloader
C:\Users\Самара\Desktop\my_django\Django_1\my_django_project\my_project\myapp\views.py changed, reloading.
Watching for file changes with StatReloader
C:\Users\Самара\Desktop\my_django\Django_1\my_django_project\my_project\myapp\views.py changed, reloading.
Watching for file changes with StatReloader
C:\Users\Самара\Desktop\my_django\Django_1\my_django_project\my_project\myapp\views.py changed, reloading.
Watching for file changes with StatReloader
C:\Users\Самара\Desktop\my_django\Django_1\my_django_project\my_project\myapp\views.py changed, reloading.
Watching for file changes with StatReloader
C:\Users\Самара\Desktop\my_django\Django_1\my_django_project\my_project\myapp\views.py changed, reloading.
Watching for file changes with StatReloader
C:\Users\Самара\Desktop\my_django\Django_1\my_django_project\my_project\myapp\views.py changed, reloading.
Watching for file changes with StatReloader
C:\Users\Самара\Desktop\my_django\Django_1\my_django_project\my_project\myapp\views.py changed, reloading.
Watching for file changes with StatReloader
C:\Users\Самара\Desktop\my_django\Django_1\my_django_project\my_project\myapp\views.py changed, reloading.
Watching for file changes with StatReloader
C:\Users\Самара\Desktop\my_django\Django_1\my_django_project\my_project\myapp\views.py changed, reloading.
Watching for file changes with StatReloader
C:\Users\Самара\Desktop\my_django\Django_1\my_django_project\my_project\myapp\views.py changed, reloading.
Watching for file changes with StatReloader
C:\Users\Самара\Desktop\my_django\Django_1\my_django_project\my_project\myapp\views.py changed, reloading.
Watching for file changes with StatReloader
C:\Users\Самара\Desktop\my_django\Django_1\my_django_project\my_project\myapp\views.py changed, reloading.
Watching for file changes with StatReloader
C:\Users\Самара\Desktop\my_django\Django_1\my_django_project\my_project\myapp\views.py changed, reloading.
Watching for file changes with StatReloader
C:\Users\Самара\Desktop\my_django\Django_1\my_django_project\my_project\myapp\views.py changed, reloading.
Watching for file changes with StatReloader
C:\Users\Самара\Desktop\my_django\Django_1\my_django_project\my_project\myapp\views.py changed, reloading.
Watching for file changes with StatReloader
C:\Users\Самара\Desktop\my_django\Django_1\my_django_project\my_project\myapp\views.py changed, reloading.
Watching for file changes with StatReloader
C:\Users\Самара\Desktop\my_django\Django_1\my_django_project\my_project\myapp\views.py changed, reloading.
Watching for file changes with StatReloader
C:\Users\Самара\Desktop\my_django\Django_1\my_django_project\my_project\myapp\views.py changed, reloading.
Watching for file changes with StatReloader
C:\Users\Самара\Desktop\my_django\Django_1\my_django_project\my_project\myapp\views.py changed, reloading.
Watching for file changes with StatReloader
C:\Users\Самара\Desktop\my_django\Django_1\my_django_project\my_project\myapp\views.py changed, reloading.
Watching for file changes with StatReloader
C:\Users\Самара\Desktop\my_django\Django_1\my_django_project\my_project\myapp\views.py changed, reloading.
Watching for file changes with StatReloader
C:\Users\Самара\Desktop\my_django\Django_1\my_django_project\my_project\myapp\views.py changed, reloading.
Watching for file changes with StatReloader
C:\Users\Самара\Desktop\my_django\Django_1\my_django_project\my_project\myapp\views.py changed, reloading.
Watching for file changes with StatReloader
C:\Users\Самара\Desktop\my_django\Django_1\my_django_project\my_project\myapp\views.py changed, reloading.
Watching for file changes with StatReloader
C:\Users\Самара\Desktop\my_django\Django_1\my_django_project\my_project\myapp\views.py changed, reloading.
Watching for file changes with StatReloader
C:\Users\Самара\Desktop\my_django\Django_1\my_django_project\my_project\myapp\views.py changed, reloading.
Watching for file changes with StatReloader
C:\Users\Самара\Desktop\my_django\Django_1\my_django_project\my_project\myapp\views.py changed, reloading.
Watching for file changes with StatReloader
C:\Users\Самара\Desktop\my_django\Django_1\my_django_project\my_project\myapp\views.py changed, reloading.
Watching for file changes with StatReloader
C:\Users\Самара\Desktop\my_django\Django_1\my_django_project\my_project\myapp\views.py changed, reloading.
Watching for file changes with StatReloader
C:\Users\Самара\Desktop\my_django\Django_1\my_django_project\my_project\myapp\views.py changed, reloading.
Watching for file changes with StatReloader
C:\Users\Самара\Desktop\my_django\Django_1\my_django_project\my_project\myapp\views.py changed, reloading.
Watching for file changes with StatReloader
C:\Users\Самара\Desktop\my_django\Django_1\my_django_project\my_project\myapp\views.py changed, reloading.
Watching for file changes with StatReloader
C:\Users\Самара\Desktop\my_django\Django_1\my_django_project\my_project\myapp\views.py changed, reloading.
Watching for file changes with StatReloader
C:\Users\Самара\Desktop\my_django\Django_1\my_django_project\my_project\myapp\views.py changed, reloading.
Watching for file changes with StatReloader
C:\Users\Самара\Desktop\my_django\Django_1\my_django_project\my_project\myapp\views.py changed, reloading.
Watching for file changes with StatReloader
C:\Users\Самара\Desktop\my_django\Django_1\my_django_project\my_project\myapp\views.py changed, reloading.
Watching for file changes with StatReloader
C:\Users\Самара\Desktop\my_django\Django_1\my_django_project\my_project\myapp\views.py changed, reloading.
Watching for file changes with StatReloader
C:\Users\Самара\Desktop\my_django\Django_1\my_django_project\my_project\myapp\views.py changed, reloading.
Watching for file changes with StatReloader
C:\Users\Самара\Desktop\my_django\Django_1\my_django_project\my_project\myapp\views.py changed, reloading.
Watching for file changes with StatReloader
C:\Users\Самара\Desktop\my_django\Django_1\my_django_project\my_project\myapp\views.py changed, reloading.
Watching for file changes with StatReloader
C:\Users\Самара\Desktop\my_django\Django_1\my_django_project\my_project\myapp\views.py changed, reloading.
Watching for file changes with StatReloader
C:\Users\Самара\Desktop\my_django\Django_1\my_django_project\my_project\myapp\views.py changed, reloading.
Watching for file changes with StatReloader
C:\Users\Самара\Desktop\my_django\Django_1\my_django_project\my_project\myapp\views.py changed, reloading.
Watching for file changes with StatReloader
C:\Users\Самара\Desktop\my_django\Django_1\my_django_project\my_project\myapp\views.py changed, reloading.
Watching for file changes with StatReloader
C:\Users\Самара\Desktop\my_django\Django_1\my_django_project\my_project\myapp\views.py changed, reloading.
Watching for file changes with StatReloader
C:\Users\Самара\Desktop\my_django\Django_1\my_django_project\my_project\myapp\views.py changed, reloading.
Watching for file changes with StatReloader
C:\Users\Самара\Desktop\my_django\Django_1\my_django_project\my_project\myapp\views.py changed, reloading.
Watching for file changes with StatReloader
C:\Users\Самара\Desktop\my_django\Django_1\my_django_project\my_project\myapp\views.py changed, reloading.
Watching for file changes with StatReloader
C:\Users\Самара\Desktop\my_django\Django_1\my_django_project\my_project\myapp\views.py changed, reloading.
Watching for file changes with StatReloader
C:\Users\Самара\Desktop\my_django\Django_1\my_django_project\my_project\myapp\views.py changed, reloading.
Watching for file changes with StatReloader
C:\Users\Самара\Desktop\my_django\Django_1\my_django_project\my_project\myapp\views.py changed, reloading.
Watching for file changes with StatReloader
C:\Users\Самара\Desktop\my_django\Django_1\my_django_project\my_project\myapp\views.py changed, reloading.
Watching for file changes with StatReloader
C:\Users\Самара\Desktop\my_django\Django_1\my_django_project\my_project\myapp\views.py changed, reloading.
Watching for file changes with StatReloader
C:\Users\Самара\Desktop\my_django\Django_1\my_django_project\my_project\myapp\views.py changed, reloading.
Watching for file changes with StatReloader
C:\Users\Самара\Desktop\my_django\Django_1\my_django_project\my_project\myapp\views.py changed, reloading.
Watching for file changes with StatReloader
C:\Users\Самара\Desktop\my_django\Django_1\my_django_project\my_project\myapp\views.py changed, reloading.
Watching for file changes with StatReloader
"GET / HTTP/1.1" 200 13
"GET /about/ HTTP/1.1" 200 26
C:\Users\Самара\Desktop\my_django\Django_1\my_django_project\my_project\my_project\settings.py changed, reloading.
Watching for file changes with StatReloader
Index page accessed
"GET / HTTP/1.1" 200 13
Error in about page: division by zero
Traceback (most recent call last):
  File "C:\Users\Самара\Desktop\my_django\Django_1\my_django_project\my_project\myapp\views.py", line 13, in about
    result = 1 / 0
ZeroDivisionError: division by zero
"GET /about/ HTTP/1.1" 200 26
INFO 2024-02-01 16:32:07,389 autoreload 6016 11736 Watching for file changes with StatReloader
INFO 2024-02-01 16:32:20,515 views 6016 1124 Index page accessed
INFO 2024-02-01 16:32:20,517 basehttp 6016 1124 "GET / HTTP/1.1" 200 13
ERROR 2024-02-01 16:32:27,536 views 6016 1124 Error in about page: division by zero
Traceback (most recent call last):
  File "C:\Users\Самара\Desktop\my_django\Django_1\my_django_project\my_project\myapp\views.py", line 13, in about
    result = 1 / 0
ZeroDivisionError: division by zero
INFO 2024-02-01 16:32:27,539 basehttp 6016 1124 "GET /about/ HTTP/1.1" 200 26
INFO 2024-02-01 18:03:54,936 autoreload 6016 11736 C:\Users\Самара\Desktop\my_django\Django_1\my_django_project\my_project\my_project\settings.py changed, reloading.
INFO 2024-02-01 18:03:55,412 autoreload 19052 3796 Watching for file changes with StatReloader
INFO 2024-02-01 18:03:56,759 autoreload 19052 3796 C:\Users\Самара\Desktop\my_django\Django_1\my_django_project\my_project\my_project\settings.py changed, reloading.
INFO 2024-02-01 18:10:34,888 autoreload 12460 11964 Watching for file changes with StatReloader
ERROR 2024-02-01 18:10:53,310 views 12460 11928 Error in about page: division by zero
Traceback (most recent call last):
  File "C:\Users\Самара\Desktop\my_django\Django_1\my_django_project\my_project\myapp\views.py", line 13, in about
    result = 1 / 0
ZeroDivisionError: division by zero
INFO 2024-02-01 18:10:53,312 basehttp 12460 11928 "GET /about/ HTTP/1.1" 200 26
INFO 2024-02-01 18:10:56,154 views 12460 11928 Index page accessed
INFO 2024-02-01 18:10:56,154 basehttp 12460 11928 "GET / HTTP/1.1" 200 13
INFO 2024-02-01 18:11:07,975 views 12460 3680 Index page accessed
INFO 2024-02-01 18:11:07,976 basehttp 12460 3680 "GET / HTTP/1.1" 200 13
WARNING 2024-02-01 18:11:08,054 log 12460 3680 Not Found: /favicon.ico
WARNING 2024-02-01 18:11:08,055 basehttp 12460 3680 "GET /favicon.ico HTTP/1.1" 404 2445
INFO 2024-02-01 18:11:36,344 views 12460 304 Index page accessed
INFO 2024-02-01 18:11:36,345 basehttp 12460 304 "GET / HTTP/1.1" 200 13
WARNING 2024-02-01 18:11:36,424 log 12460 304 Not Found: /favicon.ico
WARNING 2024-02-01 18:11:36,426 basehttp 12460 304 "GET /favicon.ico HTTP/1.1" 404 2445
INFO 2024-02-01 18:11:45,049 views 12460 304 Index page accessed
INFO 2024-02-01 18:11:45,050 basehttp 12460 304 "GET / HTTP/1.1" 200 13
INFO 2024-02-01 18:13:57,768 autoreload 12460 11964 C:\Users\Самара\Desktop\my_django\Django_1\my_django_project\my_project\myapp\views.py changed, reloading.
INFO 2024-02-01 18:13:58,197 autoreload 2092 18736 Watching for file changes with StatReloader
INFO 2024-02-01 18:14:00,522 autoreload 2092 18736 C:\Users\Самара\Desktop\my_django\Django_1\my_django_project\my_project\myapp\views.py changed, reloading.
INFO 2024-02-01 18:14:00,928 autoreload 3696 4668 Watching for file changes with StatReloader
INFO 2024-02-01 18:14:02,243 autoreload 3696 4668 C:\Users\Самара\Desktop\my_django\Django_1\my_django_project\my_project\myapp\views.py changed, reloading.
INFO 2024-02-01 18:14:02,652 autoreload 17876 18676 Watching for file changes with StatReloader
INFO 2024-02-01 18:14:04,967 autoreload 17876 18676 C:\Users\Самара\Desktop\my_django\Django_1\my_django_project\my_project\myapp\views.py changed, reloading.
INFO 2024-02-01 18:14:05,395 autoreload 10508 17344 Watching for file changes with StatReloader
INFO 2024-02-01 18:14:09,760 autoreload 10508 17344 C:\Users\Самара\Desktop\my_django\Django_1\my_django_project\my_project\myapp\views.py changed, reloading.
INFO 2024-02-01 18:14:10,213 autoreload 19072 10792 Watching for file changes with StatReloader
INFO 2024-02-01 18:14:12,520 autoreload 19072 10792 C:\Users\Самара\Desktop\my_django\Django_1\my_django_project\my_project\myapp\views.py changed, reloading.
INFO 2024-02-01 18:14:12,918 autoreload 4628 6668 Watching for file changes with StatReloader
INFO 2024-02-01 18:14:20,342 autoreload 4628 6668 C:\Users\Самара\Desktop\my_django\Django_1\my_django_project\my_project\myapp\views.py changed, reloading.
INFO 2024-02-01 18:14:20,764 autoreload 8316 8676 Watching for file changes with StatReloader
INFO 2024-02-01 18:14:23,109 autoreload 8316 8676 C:\Users\Самара\Desktop\my_django\Django_1\my_django_project\my_project\myapp\views.py changed, reloading.
INFO 2024-02-01 18:14:23,530 autoreload 3820 19284 Watching for file changes with StatReloader
INFO 2024-02-01 18:14:34,069 autoreload 3820 19284 C:\Users\Самара\Desktop\my_django\Django_1\my_django_project\my_project\myapp\views.py changed, reloading.
INFO 2024-02-01 18:14:34,465 autoreload 17520 15736 Watching for file changes with StatReloader
INFO 2024-02-01 18:14:36,800 autoreload 17520 15736 C:\Users\Самара\Desktop\my_django\Django_1\my_django_project\my_project\myapp\views.py changed, reloading.
INFO 2024-02-01 18:14:37,206 autoreload 6480 16652 Watching for file changes with StatReloader
INFO 2024-02-01 18:14:39,532 autoreload 6480 16652 C:\Users\Самара\Desktop\my_django\Django_1\my_django_project\my_project\myapp\views.py changed, reloading.
INFO 2024-02-01 18:14:39,939 autoreload 14364 3332 Watching for file changes with StatReloader
INFO 2024-02-01 18:14:42,258 autoreload 14364 3332 C:\Users\Самара\Desktop\my_django\Django_1\my_django_project\my_project\myapp\views.py changed, reloading.
INFO 2024-02-01 18:14:42,667 autoreload 13168 1720 Watching for file changes with StatReloader
INFO 2024-02-01 18:14:46,016 autoreload 13168 1720 C:\Users\Самара\Desktop\my_django\Django_1\my_django_project\my_project\myapp\views.py changed, reloading.
INFO 2024-02-01 18:14:46,484 autoreload 14600 9104 Watching for file changes with StatReloader
INFO 2024-02-01 18:14:49,904 autoreload 14600 9104 C:\Users\Самара\Desktop\my_django\Django_1\my_django_project\my_project\myapp\views.py changed, reloading.
INFO 2024-02-01 18:14:50,429 autoreload 18848 11156 Watching for file changes with StatReloader
INFO 2024-02-01 18:14:51,507 views 18848 388 Index page accessed
INFO 2024-02-01 18:14:51,508 basehttp 18848 388 "GET / HTTP/1.1" 200 22
INFO 2024-02-01 19:35:14,301 autoreload 18848 11156 C:\Users\Самара\Desktop\my_django\Django_1\my_django_project\my_project\myapp\views.py changed, reloading.
INFO 2024-02-01 19:35:14,759 autoreload 18952 16960 Watching for file changes with StatReloader
INFO 2024-02-01 19:35:18,130 autoreload 18952 16960 C:\Users\Самара\Desktop\my_django\Django_1\my_django_project\my_project\myapp\views.py changed, reloading.
INFO 2024-02-01 19:35:18,540 autoreload 11712 11552 Watching for file changes with StatReloader
INFO 2024-02-01 19:35:27,062 autoreload 11712 11552 C:\Users\Самара\Desktop\my_django\Django_1\my_django_project\my_project\myapp\views.py changed, reloading.
INFO 2024-02-01 19:35:27,474 autoreload 15880 5084 Watching for file changes with StatReloader
INFO 2024-02-01 19:35:33,936 autoreload 15880 5084 C:\Users\Самара\Desktop\my_django\Django_1\my_django_project\my_project\myapp\views.py changed, reloading.
INFO 2024-02-01 19:35:34,357 autoreload 18468 18740 Watching for file changes with StatReloader
INFO 2024-02-01 19:35:54,153 autoreload 18468 18740 C:\Users\Самара\Desktop\my_django\Django_1\my_django_project\my_project\myapp\views.py changed, reloading.
INFO 2024-02-01 19:35:54,560 autoreload 10760 16584 Watching for file changes with StatReloader
INFO 2024-02-01 19:36:01,003 autoreload 10760 16584 C:\Users\Самара\Desktop\my_django\Django_1\my_django_project\my_project\myapp\views.py changed, reloading.
INFO 2024-02-01 19:36:01,412 autoreload 12776 2056 Watching for file changes with StatReloader
INFO 2024-02-01 19:36:03,754 autoreload 12776 2056 C:\Users\Самара\Desktop\my_django\Django_1\my_django_project\my_project\myapp\views.py changed, reloading.
INFO 2024-02-01 19:36:04,157 autoreload 18584 18532 Watching for file changes with StatReloader
INFO 2024-02-01 19:36:07,502 autoreload 18584 18532 C:\Users\Самара\Desktop\my_django\Django_1\my_django_project\my_project\myapp\views.py changed, reloading.
INFO 2024-02-01 19:36:07,900 autoreload 17432 3244 Watching for file changes with StatReloader
INFO 2024-02-01 19:36:15,340 autoreload 17432 3244 C:\Users\Самара\Desktop\my_django\Django_1\my_django_project\my_project\myapp\views.py changed, reloading.
INFO 2024-02-01 19:36:15,726 autoreload 18608 19032 Watching for file changes with StatReloader
INFO 2024-02-01 19:36:18,056 autoreload 18608 19032 C:\Users\Самара\Desktop\my_django\Django_1\my_django_project\my_project\myapp\views.py changed, reloading.
INFO 2024-02-01 19:36:18,451 autoreload 12368 12380 Watching for file changes with StatReloader
INFO 2024-02-01 19:36:23,840 autoreload 12368 12380 C:\Users\Самара\Desktop\my_django\Django_1\my_django_project\my_project\myapp\views.py changed, reloading.
INFO 2024-02-01 19:36:24,264 autoreload 3084 18960 Watching for file changes with StatReloader
INFO 2024-02-01 19:36:51,168 autoreload 3084 18960 C:\Users\Самара\Desktop\my_django\Django_1\my_django_project\my_project\myapp\views.py changed, reloading.
INFO 2024-02-01 19:36:51,559 autoreload 308 15248 Watching for file changes with StatReloader
INFO 2024-02-01 19:36:53,917 autoreload 308 15248 C:\Users\Самара\Desktop\my_django\Django_1\my_django_project\my_project\myapp\views.py changed, reloading.
INFO 2024-02-01 19:36:54,310 autoreload 9124 10708 Watching for file changes with StatReloader
INFO 2024-02-01 19:36:58,692 autoreload 9124 10708 C:\Users\Самара\Desktop\my_django\Django_1\my_django_project\my_project\myapp\views.py changed, reloading.
INFO 2024-02-01 19:36:59,129 autoreload 15136 16540 Watching for file changes with StatReloader
INFO 2024-02-01 19:37:10,663 autoreload 15136 16540 C:\Users\Самара\Desktop\my_django\Django_1\my_django_project\my_project\myapp\views.py changed, reloading.
INFO 2024-02-01 19:37:11,060 autoreload 12284 9380 Watching for file changes with StatReloader
INFO 2024-02-01 19:37:13,367 autoreload 12284 9380 C:\Users\Самара\Desktop\my_django\Django_1\my_django_project\my_project\myapp\views.py changed, reloading.
INFO 2024-02-01 19:37:13,791 autoreload 3696 8388 Watching for file changes with StatReloader
INFO 2024-02-01 19:37:22,288 autoreload 3696 8388 C:\Users\Самара\Desktop\my_django\Django_1\my_django_project\my_project\myapp\views.py changed, reloading.
INFO 2024-02-01 19:37:22,676 autoreload 2916 14292 Watching for file changes with StatReloader
INFO 2024-02-01 19:37:25,024 autoreload 2916 14292 C:\Users\Самара\Desktop\my_django\Django_1\my_django_project\my_project\myapp\views.py changed, reloading.
INFO 2024-02-01 19:37:25,444 autoreload 19008 18176 Watching for file changes with StatReloader
INFO 2024-02-01 19:37:26,770 autoreload 19008 18176 C:\Users\Самара\Desktop\my_django\Django_1\my_django_project\my_project\myapp\views.py changed, reloading.
INFO 2024-02-01 19:37:27,180 autoreload 19252 10820 Watching for file changes with StatReloader
INFO 2024-02-01 19:37:30,548 autoreload 19252 10820 C:\Users\Самара\Desktop\my_django\Django_1\my_django_project\my_project\myapp\views.py changed, reloading.
INFO 2024-02-01 19:37:30,964 autoreload 9472 12268 Watching for file changes with StatReloader
INFO 2024-02-01 19:37:33,293 autoreload 9472 12268 C:\Users\Самара\Desktop\my_django\Django_1\my_django_project\my_project\myapp\views.py changed, reloading.
INFO 2024-02-01 19:37:33,698 autoreload 176 12736 Watching for file changes with StatReloader
INFO 2024-02-01 19:37:39,107 autoreload 176 12736 C:\Users\Самара\Desktop\my_django\Django_1\my_django_project\my_project\myapp\views.py changed, reloading.
INFO 2024-02-01 19:37:39,502 autoreload 18908 7768 Watching for file changes with StatReloader
INFO 2024-02-01 19:37:41,839 autoreload 18908 7768 C:\Users\Самара\Desktop\my_django\Django_1\my_django_project\my_project\myapp\views.py changed, reloading.
INFO 2024-02-01 19:37:42,275 autoreload 17256 3152 Watching for file changes with StatReloader
INFO 2024-02-01 19:37:43,624 autoreload 17256 3152 C:\Users\Самара\Desktop\my_django\Django_1\my_django_project\my_project\myapp\views.py changed, reloading.
INFO 2024-02-01 19:37:44,030 autoreload 6756 16588 Watching for file changes with StatReloader
INFO 2024-02-01 19:38:00,732 autoreload 6756 16588 C:\Users\Самара\Desktop\my_django\Django_1\my_django_project\my_project\myapp\views.py changed, reloading.
INFO 2024-02-01 19:38:01,137 autoreload 12888 6480 Watching for file changes with StatReloader
INFO 2024-02-01 19:38:03,497 autoreload 12888 6480 C:\Users\Самара\Desktop\my_django\Django_1\my_django_project\my_project\myapp\views.py changed, reloading.
INFO 2024-02-01 19:38:03,891 autoreload 17596 19188 Watching for file changes with StatReloader
INFO 2024-02-01 19:38:15,420 autoreload 17596 19188 C:\Users\Самара\Desktop\my_django\Django_1\my_django_project\my_project\myapp\views.py changed, reloading.
INFO 2024-02-01 19:38:15,843 autoreload 6636 14308 Watching for file changes with StatReloader
INFO 2024-02-01 19:38:18,179 autoreload 6636 14308 C:\Users\Самара\Desktop\my_django\Django_1\my_django_project\my_project\myapp\views.py changed, reloading.
INFO 2024-02-01 19:38:18,576 autoreload 18832 16412 Watching for file changes with StatReloader
INFO 2024-02-01 19:38:19,904 autoreload 18832 16412 C:\Users\Самара\Desktop\my_django\Django_1\my_django_project\my_project\myapp\views.py changed, reloading.
INFO 2024-02-01 19:38:20,321 autoreload 17548 19268 Watching for file changes with StatReloader
INFO 2024-02-01 19:38:22,618 autoreload 17548 19268 C:\Users\Самара\Desktop\my_django\Django_1\my_django_project\my_project\myapp\views.py changed, reloading.
INFO 2024-02-01 19:38:23,024 autoreload 9548 18176 Watching for file changes with StatReloader
INFO 2024-02-01 19:38:28,100 views 9548 2108 Index page accessed
INFO 2024-02-01 19:38:28,101 basehttp 9548 2108 "GET / HTTP/1.1" 200 29
INFO 2024-02-01 19:38:47,092 autoreload 9548 18176 C:\Users\Самара\Desktop\my_django\Django_1\my_django_project\my_project\myapp\views.py changed, reloading.
INFO 2024-02-01 19:38:47,711 autoreload 6100 18144 Watching for file changes with StatReloader
INFO 2024-02-01 19:42:23,177 autoreload 6100 18144 C:\Users\Самара\Desktop\my_django\Django_1\my_django_project\my_project\myapp\views.py changed, reloading.
INFO 2024-02-01 19:42:23,592 autoreload 14524 13500 Watching for file changes with StatReloader
INFO 2024-02-01 19:42:25,937 autoreload 14524 13500 C:\Users\Самара\Desktop\my_django\Django_1\my_django_project\my_project\myapp\views.py changed, reloading.
INFO 2024-02-01 19:42:26,332 autoreload 16632 19160 Watching for file changes with StatReloader
INFO 2024-02-01 19:42:31,731 autoreload 16632 19160 C:\Users\Самара\Desktop\my_django\Django_1\my_django_project\my_project\myapp\views.py changed, reloading.
INFO 2024-02-01 19:42:32,134 autoreload 13320 12708 Watching for file changes with StatReloader
INFO 2024-02-01 19:42:41,598 autoreload 13320 12708 C:\Users\Самара\Desktop\my_django\Django_1\my_django_project\my_project\myapp\views.py changed, reloading.
INFO 2024-02-01 19:42:41,993 autoreload 16756 11412 Watching for file changes with StatReloader
INFO 2024-02-01 19:42:44,300 autoreload 16756 11412 C:\Users\Самара\Desktop\my_django\Django_1\my_django_project\my_project\myapp\views.py changed, reloading.
INFO 2024-02-01 19:42:44,698 autoreload 5180 12580 Watching for file changes with StatReloader
INFO 2024-02-01 19:42:47,013 autoreload 5180 12580 C:\Users\Самара\Desktop\my_django\Django_1\my_django_project\my_project\myapp\views.py changed, reloading.
INFO 2024-02-01 19:42:47,411 autoreload 13944 19272 Watching for file changes with StatReloader
INFO 2024-02-01 19:42:49,707 autoreload 13944 19272 C:\Users\Самара\Desktop\my_django\Django_1\my_django_project\my_project\myapp\views.py changed, reloading.
INFO 2024-02-01 19:42:50,105 autoreload 16320 17060 Watching for file changes with StatReloader
INFO 2024-02-01 19:42:53,432 autoreload 16320 17060 C:\Users\Самара\Desktop\my_django\Django_1\my_django_project\my_project\myapp\views.py changed, reloading.
INFO 2024-02-01 19:42:53,828 autoreload 18584 11404 Watching for file changes with StatReloader
INFO 2024-02-01 19:42:56,150 autoreload 18584 11404 C:\Users\Самара\Desktop\my_django\Django_1\my_django_project\my_project\myapp\views.py changed, reloading.
INFO 2024-02-01 19:42:56,544 autoreload 9640 4520 Watching for file changes with StatReloader
INFO 2024-02-01 19:42:58,888 autoreload 9640 4520 C:\Users\Самара\Desktop\my_django\Django_1\my_django_project\my_project\myapp\views.py changed, reloading.
INFO 2024-02-01 19:42:59,286 autoreload 15312 9280 Watching for file changes with StatReloader
INFO 2024-02-01 19:43:01,596 autoreload 15312 9280 C:\Users\Самара\Desktop\my_django\Django_1\my_django_project\my_project\myapp\views.py changed, reloading.
INFO 2024-02-01 19:43:01,996 autoreload 16464 2200 Watching for file changes with StatReloader
INFO 2024-02-01 19:43:31,004 autoreload 16464 2200 C:\Users\Самара\Desktop\my_django\Django_1\my_django_project\my_project\myapp\views.py changed, reloading.
INFO 2024-02-01 19:43:31,408 autoreload 1504 19180 Watching for file changes with StatReloader
INFO 2024-02-01 19:43:36,238 views 1504 664 Index page accessed
INFO 2024-02-01 19:43:36,238 basehttp 1504 664 "GET / HTTP/1.1" 200 106
INFO 2024-02-01 19:46:33,189 autoreload 1504 19180 C:\Users\Самара\Desktop\my_django\Django_1\my_django_project\my_project\myapp\views.py changed, reloading.
INFO 2024-02-01 19:46:33,604 autoreload 3280 19056 Watching for file changes with StatReloader
INFO 2024-02-01 19:46:34,924 autoreload 3280 19056 C:\Users\Самара\Desktop\my_django\Django_1\my_django_project\my_project\myapp\views.py changed, reloading.
INFO 2024-02-01 19:46:35,334 autoreload 4552 1964 Watching for file changes with StatReloader
INFO 2024-02-01 19:46:39,726 autoreload 4552 1964 C:\Users\Самара\Desktop\my_django\Django_1\my_django_project\my_project\myapp\views.py changed, reloading.
INFO 2024-02-01 19:46:40,131 autoreload 11076 14368 Watching for file changes with StatReloader
INFO 2024-02-01 19:46:42,471 autoreload 11076 14368 C:\Users\Самара\Desktop\my_django\Django_1\my_django_project\my_project\myapp\views.py changed, reloading.
INFO 2024-02-01 19:46:42,997 autoreload 14432 15036 Watching for file changes with StatReloader
INFO 2024-02-01 19:46:45,157 views 14432 16360 Index page accessed
INFO 2024-02-01 19:46:45,159 basehttp 14432 16360 "GET / HTTP/1.1" 200 136
INFO 2024-02-01 19:51:57,217 autoreload 14432 15036 C:\Users\Самара\Desktop\my_django\Django_1\my_django_project\my_project\myapp\views.py changed, reloading.
INFO 2024-02-01 19:51:57,656 autoreload 11300 14700 Watching for file changes with StatReloader
INFO 2024-02-01 19:52:02,081 autoreload 11300 14700 C:\Users\Самара\Desktop\my_django\Django_1\my_django_project\my_project\myapp\views.py changed, reloading.
INFO 2024-02-01 19:52:02,482 autoreload 18780 1964 Watching for file changes with StatReloader
INFO 2024-02-01 19:52:05,804 autoreload 18780 1964 C:\Users\Самара\Desktop\my_django\Django_1\my_django_project\my_project\myapp\views.py changed, reloading.
INFO 2024-02-01 19:52:06,192 autoreload 9928 15152 Watching for file changes with StatReloader
INFO 2024-02-01 19:52:08,532 autoreload 9928 15152 C:\Users\Самара\Desktop\my_django\Django_1\my_django_project\my_project\myapp\views.py changed, reloading.
INFO 2024-02-01 19:52:08,930 autoreload 19172 6668 Watching for file changes with StatReloader
INFO 2024-02-01 19:52:10,244 autoreload 19172 6668 C:\Users\Самара\Desktop\my_django\Django_1\my_django_project\my_project\myapp\views.py changed, reloading.
INFO 2024-02-01 19:52:10,657 autoreload 13468 3848 Watching for file changes with StatReloader
INFO 2024-02-01 19:52:13,003 autoreload 13468 3848 C:\Users\Самара\Desktop\my_django\Django_1\my_django_project\my_project\myapp\views.py changed, reloading.
INFO 2024-02-01 19:52:13,403 autoreload 14152 19248 Watching for file changes with StatReloader
INFO 2024-02-01 19:52:15,723 autoreload 14152 19248 C:\Users\Самара\Desktop\my_django\Django_1\my_django_project\my_project\myapp\views.py changed, reloading.
INFO 2024-02-01 19:52:16,136 autoreload 3728 372 Watching for file changes with StatReloader
INFO 2024-02-01 19:52:19,489 autoreload 3728 372 C:\Users\Самара\Desktop\my_django\Django_1\my_django_project\my_project\myapp\views.py changed, reloading.
INFO 2024-02-01 19:52:19,897 autoreload 4600 15716 Watching for file changes with StatReloader
INFO 2024-02-01 19:52:25,342 autoreload 4600 15716 C:\Users\Самара\Desktop\my_django\Django_1\my_django_project\my_project\myapp\views.py changed, reloading.
INFO 2024-02-01 19:52:25,749 autoreload 7552 18904 Watching for file changes with StatReloader
INFO 2024-02-01 19:52:32,161 autoreload 7552 18904 C:\Users\Самара\Desktop\my_django\Django_1\my_django_project\my_project\myapp\views.py changed, reloading.
INFO 2024-02-01 19:52:32,605 autoreload 5192 13120 Watching for file changes with StatReloader
INFO 2024-02-01 19:52:38,051 autoreload 5192 13120 C:\Users\Самара\Desktop\my_django\Django_1\my_django_project\my_project\myapp\views.py changed, reloading.
INFO 2024-02-01 19:52:38,450 autoreload 18928 11076 Watching for file changes with StatReloader
INFO 2024-02-01 19:52:40,788 autoreload 18928 11076 C:\Users\Самара\Desktop\my_django\Django_1\my_django_project\my_project\myapp\views.py changed, reloading.
INFO 2024-02-01 19:52:41,203 autoreload 3272 6476 Watching for file changes with StatReloader
INFO 2024-02-01 19:52:45,577 autoreload 3272 6476 C:\Users\Самара\Desktop\my_django\Django_1\my_django_project\my_project\myapp\views.py changed, reloading.
INFO 2024-02-01 19:52:46,295 autoreload 11408 9772 Watching for file changes with StatReloader
ERROR 2024-02-01 19:53:00,047 views 11408 5584 About page accessed
NoneType: None
INFO 2024-02-01 19:53:00,048 basehttp 11408 5584 "GET /about/ HTTP/1.1" 200 247
INFO 2024-02-01 19:53:10,384 autoreload 11408 9772 C:\Users\Самара\Desktop\my_django\Django_1\my_django_project\my_project\myapp\views.py changed, reloading.
INFO 2024-02-01 19:53:10,805 autoreload 17344 12668 Watching for file changes with StatReloader
ERROR 2024-02-01 19:53:17,374 views 17344 16584 About page accessed
NoneType: None
INFO 2024-02-01 19:53:17,375 basehttp 17344 16584 "GET /about/ HTTP/1.1" 200 245
INFO 2024-02-01 19:54:03,631 autoreload 17344 12668 C:\Users\Самара\Desktop\my_django\Django_1\my_django_project\my_project\myapp\views.py changed, reloading.
INFO 2024-02-01 19:54:04,048 autoreload 19224 18832 Watching for file changes with StatReloader
